<?xml version="1.0" encoding="UTF-8"?>
<!-- Generated by org.testng.reporters.JUnitXMLReporter -->
<testsuite ignored="0" hostname="LAPTOP-EDNQF8JN" failures="0" tests="3" name="FacebookTest" time="38.505" errors="0" timestamp="2023-01-13T15:45:34 CST">
  <testcase classname="FacebookTestNG.FacebookSignInTest" name="f" time="7.056"/>
  <testcase classname="FacebookTestNG.FacebookSignInTest" name="f" time="19.587"/>
  <testcase classname="FacebookTestNG.FacebookSignInTest" name="f" time="9.014"/>
</testsuite> <!-- FacebookTest -->
