<?xml version="1.0" encoding="UTF-8"?>
<!-- Generated by org.testng.reporters.JUnitXMLReporter -->
<testsuite ignored="0" hostname="LAPTOP-EDNQF8JN" failures="0" tests="3" name="Default test" time="47.536" errors="0" timestamp="2023-01-06T15:41:15 CST">
  <testcase classname="EbayTestNG.Sprint1" name="Test1" time="13.485"/>
  <testcase classname="EbayTestNG.Sprint1" name="Test2" time="20.97"/>
  <testcase classname="EbayTestNG.Sprint1" name="Test3" time="8.468"/>
</testsuite> <!-- Default test -->
