<?xml version="1.0" encoding="UTF-8"?>
<testng-results ignored="0" total="3" passed="3" failed="0" skipped="0">
  <reporter-output>
  </reporter-output>
  <suite started-at="2023-01-06T15:40:27 CST" name="Default suite" finished-at="2023-01-06T15:41:15 CST" duration-ms="47536">
    <groups>
    </groups>
    <test started-at="2023-01-06T15:40:27 CST" name="Default test" finished-at="2023-01-06T15:41:15 CST" duration-ms="47536">
      <class name="EbayTestNG.Sprint1">
        <test-method is-config="true" signature="beforeClass()[pri:0, instance:EbayTestNG.Sprint1@51c668e3]" started-at="2023-01-06T15:40:27 CST" name="beforeClass" finished-at="2023-01-06T15:40:30 CST" duration-ms="3188" status="PASS">
          <reporter-output>
          </reporter-output>
        </test-method> <!-- beforeClass -->
        <test-method signature="Test1()[pri:1, instance:EbayTestNG.Sprint1@51c668e3]" started-at="2023-01-06T15:40:31 CST" name="Test1" finished-at="2023-01-06T15:40:44 CST" duration-ms="13485" status="PASS">
          <reporter-output>
          </reporter-output>
        </test-method> <!-- Test1 -->
        <test-method is-config="true" signature="aftermethod()[pri:0, instance:EbayTestNG.Sprint1@51c668e3]" started-at="2023-01-06T15:40:44 CST" name="aftermethod" finished-at="2023-01-06T15:40:44 CST" duration-ms="474" status="PASS">
          <reporter-output>
          </reporter-output>
        </test-method> <!-- aftermethod -->
        <test-method signature="Test2()[pri:2, instance:EbayTestNG.Sprint1@51c668e3]" started-at="2023-01-06T15:40:44 CST" name="Test2" finished-at="2023-01-06T15:41:05 CST" depends-on-methods="EbayTestNG.Sprint1.Test1" duration-ms="20970" status="PASS">
          <reporter-output>
          </reporter-output>
        </test-method> <!-- Test2 -->
        <test-method is-config="true" signature="aftermethod()[pri:0, instance:EbayTestNG.Sprint1@51c668e3]" started-at="2023-01-06T15:41:05 CST" name="aftermethod" finished-at="2023-01-06T15:41:06 CST" duration-ms="254" status="PASS">
          <reporter-output>
          </reporter-output>
        </test-method> <!-- aftermethod -->
        <test-method signature="Test3()[pri:3, instance:EbayTestNG.Sprint1@51c668e3]" started-at="2023-01-06T15:41:06 CST" name="Test3" finished-at="2023-01-06T15:41:14 CST" depends-on-methods="EbayTestNG.Sprint1.Test2" duration-ms="8468" status="PASS">
          <reporter-output>
          </reporter-output>
        </test-method> <!-- Test3 -->
        <test-method is-config="true" signature="aftermethod()[pri:0, instance:EbayTestNG.Sprint1@51c668e3]" started-at="2023-01-06T15:41:14 CST" name="aftermethod" finished-at="2023-01-06T15:41:14 CST" duration-ms="254" status="PASS">
          <reporter-output>
          </reporter-output>
        </test-method> <!-- aftermethod -->
        <test-method is-config="true" signature="afterclass()[pri:0, instance:EbayTestNG.Sprint1@51c668e3]" started-at="2023-01-06T15:41:14 CST" name="afterclass" finished-at="2023-01-06T15:41:15 CST" duration-ms="385" status="PASS">
          <reporter-output>
          </reporter-output>
        </test-method> <!-- afterclass -->
      </class> <!-- EbayTestNG.Sprint1 -->
    </test> <!-- Default test -->
  </suite> <!-- Default suite -->
</testng-results>
