<?xml version="1.0" encoding="UTF-8"?>
<!-- Generated by org.testng.reporters.JUnitXMLReporter -->
<testsuite ignored="0" hostname="LAPTOP-EDNQF8JN" failures="0" tests="6" name="Testlevelrun" time="0.067" errors="0" timestamp="2023-01-10T10:10:15 CST">
  <testcase classname="TestingENV.Test4" name="testcase1" time="0.001"/>
  <testcase classname="TestingENV.Test4" name="testcase2" time="0.001"/>
  <testcase classname="TestingENV.Test4" name="testcase3" time="0.002"/>
  <testcase classname="TestingENV.Test4" name="testcase4" time="0.002"/>
  <testcase classname="TestingENV.Test4" name="testcase5" time="0.002"/>
  <testcase classname="TestingENV.Test4" name="testcase6" time="0.002"/>
</testsuite> <!-- Testlevelrun -->
