<?xml version="1.0" encoding="UTF-8"?>
<!-- Generated by org.testng.reporters.JUnitXMLReporter -->
<testsuite ignored="0" hostname="LAPTOP-EDNQF8JN" failures="0" tests="9" name="prodTestrun" time="53.438" errors="0" timestamp="2023-01-10T10:21:37 CST">
  <testcase classname="ProdLevel.Test3" name="m5" time="3.779"/>
  <testcase classname="ProdLevel.Test3" name="m6" time="2.967"/>
  <testcase classname="ProdLevel.Test2" name="m3" time="3.065"/>
  <testcase classname="ProdLevel.Test2" name="m4" time="9.071"/>
  <testcase classname="ProdLevel.Test1" name="m1" time="11.097"/>
  <testcase classname="ProdLevel.Test1" name="m1" time="11.111"/>
  <testcase classname="ProdLevel.Test1" name="m1" time="8.136"/>
  <testcase classname="ProdLevel.Test1" name="m2" time="15.263"/>
  <testcase classname="ProdLevel.Test1" name="m2" time="15.265"/>
</testsuite> <!-- prodTestrun -->
