<?xml version="1.0" encoding="UTF-8"?>
<!-- Generated by org.testng.reporters.JUnitXMLReporter -->
<testsuite ignored="0" hostname="LAPTOP-EDNQF8JN" failures="0" tests="5" name="Test1 method run parallely" time="17.953" errors="0" timestamp="2023-01-08T14:31:36 CST">
  <testcase classname="TestNGBasicClasses.Test1" name="m2" time="12.51"/>
  <testcase classname="TestNGBasicClasses.Test1" name="m1" time="12.51"/>
  <testcase classname="TestNGBasicClasses.Test1" name="m2" time="12.508"/>
  <testcase classname="TestNGBasicClasses.Test1" name="m1" time="12.512"/>
  <testcase classname="TestNGBasicClasses.Test1" name="m1" time="5.385"/>
</testsuite> <!-- Test1 method run parallely -->
