<?xml version="1.0" encoding="UTF-8"?>
<!-- Generated by org.testng.reporters.JUnitXMLReporter -->
<testsuite ignored="4" hostname="LAPTOP-EDNQF8JN" failures="0" tests="2" name="Type based test" time="0.053" errors="0" timestamp="2023-01-14T17:21:30 CST">
  <testcase classname="TestingENV.Test4" name="testcase4" time="0.007"/>
  <testcase classname="TestingENV.Test4" name="testcase5" time="0.002"/>
  <testcase classname="TestingENV.Test4" name="testcase1" time="0.0">
    <ignored/>
  </testcase> <!-- testcase1 -->
  <testcase classname="TestingENV.Test4" name="testcase3" time="0.0">
    <ignored/>
  </testcase> <!-- testcase3 -->
  <testcase classname="TestingENV.Test4" name="testcase6" time="0.0">
    <ignored/>
  </testcase> <!-- testcase6 -->
  <testcase classname="TestingENV.Test4" name="testcase2" time="0.0">
    <ignored/>
  </testcase> <!-- testcase2 -->
</testsuite> <!-- Type based test -->
