<?xml version="1.0" encoding="UTF-8"?>
<!-- Generated by org.testng.reporters.JUnitXMLReporter -->
<testsuite ignored="0" hostname="LAPTOP-EDNQF8JN" failures="0" tests="9" name="prodTestrun" time="64.771" errors="0" timestamp="2023-01-10T10:10:14 CST">
  <testcase classname="ProdLevel.Test3" name="m5" time="3.997"/>
  <testcase classname="ProdLevel.Test3" name="m6" time="3.355"/>
  <testcase classname="ProdLevel.Test2" name="m3" time="8.283"/>
  <testcase classname="ProdLevel.Test2" name="m4" time="8.01"/>
  <testcase classname="ProdLevel.Test1" name="m1" time="12.54"/>
  <testcase classname="ProdLevel.Test1" name="m1" time="12.544"/>
  <testcase classname="ProdLevel.Test1" name="m1" time="12.235"/>
  <testcase classname="ProdLevel.Test1" name="m2" time="16.226"/>
  <testcase classname="ProdLevel.Test1" name="m2" time="16.256"/>
</testsuite> <!-- prodTestrun -->
